<?xml version="1.0" encoding="UTF-8"?>
<!-- Generated by org.testng.reporters.JUnitReportReporter -->
<testsuite skipped="0" hostname="GopinathKumsi" name="com.scripts.StorageDisplayTest" tests="2" failures="0" timestamp="2020-07-22T18:43:03 IST" time="44.750" errors="0">
  <testcase name="AmazonLoginTesting" time="22.134" classname="com.scripts.StorageDisplayTest"/>
  <testcase name="displayMobileWith128Storgae" time="22.616" classname="com.scripts.StorageDisplayTest"/>
</testsuite> <!-- com.scripts.StorageDisplayTest -->
