<?xml version="1.0" encoding="UTF-8"?>
<!-- Generated by org.testng.reporters.JUnitReportReporter -->
<testsuite skipped="0" hostname="GopinathKumsi" name="com.scripts.LoginTest" tests="1" failures="0" timestamp="2020-07-22T20:04:41 IST" time="96.122" errors="0">
  <testcase name="loginIntoGmailApplication" time="96.122" classname="com.scripts.LoginTest"/>
</testsuite> <!-- com.scripts.LoginTest -->
