<?xml version="1.0" encoding="UTF-8"?>
<!-- Generated by org.testng.reporters.JUnitReportReporter -->
<testsuite skipped="0" hostname="GopinathKumsi" name="com.scripts.SearchTest" tests="2" failures="0" timestamp="2020-07-23T18:38:37 IST" time="39.811" errors="0">
  <testcase name="AmazonLoginTesting" time="27.803" classname="com.scripts.SearchTest"/>
  <testcase name="search" time="12.008" classname="com.scripts.SearchTest"/>
</testsuite> <!-- com.scripts.SearchTest -->
