<?xml version="1.0" encoding="UTF-8"?>
<!-- Generated by org.testng.reporters.JUnitReportReporter -->
<testsuite skipped="0" hostname="GopinathKumsi" name="com.scripts.AmazonLoginTest" tests="1" failures="0" timestamp="2020-07-23T11:45:37 IST" time="37.571" errors="0">
  <testcase name="AmazonLoginTesting" time="37.571" classname="com.scripts.AmazonLoginTest"/>
</testsuite> <!-- com.scripts.AmazonLoginTest -->
